<?xml version="1.0" encoding="UTF-8"?>
<testng-results ignored="0" total="1" passed="1" failed="0" skipped="0">
  <reporter-output>
  </reporter-output>
  <suite started-at="2023-03-27T03:53:17 IST" name="Suite" finished-at="2023-03-27T03:53:33 IST" duration-ms="15413">
    <groups>
    </groups>
    <test started-at="2023-03-27T03:53:17 IST" name="Test" finished-at="2023-03-27T03:53:33 IST" duration-ms="15413">
      <class name="qa.test.TestCase1">
        <test-method is-config="true" signature="beforeTestMethod()[pri:0, instance:qa.test.TestCase1@2525ff7e]" started-at="2023-03-27T03:53:17 IST" name="beforeTestMethod" finished-at="2023-03-27T03:53:17 IST" duration-ms="219" status="PASS">
          <reporter-output>
          </reporter-output>
        </test-method> <!-- beforeTestMethod -->
        <test-method is-config="true" signature="beforeMethod(java.lang.String, java.lang.reflect.Method)[pri:0, instance:qa.test.TestCase1@2525ff7e]" started-at="2023-03-27T03:53:17 IST" name="beforeMethod" finished-at="2023-03-27T03:53:26 IST" duration-ms="8732" status="PASS">
          <params>
            <param index="0">
              <value>
                <![CDATA[chrome]]>
              </value>
            </param>
            <param index="1">
              <value>
                <![CDATA[public void qa.test.TestCase1.sampleMethodForEnteringCredentials()]]>
              </value>
            </param>
          </params>
          <reporter-output>
          </reporter-output>
        </test-method> <!-- beforeMethod -->
        <test-method signature="sampleMethodForEnteringCredentials()[pri:0, instance:qa.test.TestCase1@2525ff7e]" started-at="2023-03-27T03:53:26 IST" name="sampleMethodForEnteringCredentials" finished-at="2023-03-27T03:53:31 IST" duration-ms="5266" status="PASS">
          <reporter-output>
          </reporter-output>
        </test-method> <!-- sampleMethodForEnteringCredentials -->
        <test-method is-config="true" signature="AfterMethod(org.testng.ITestResult)[pri:0, instance:qa.test.TestCase1@2525ff7e]" started-at="2023-03-27T03:53:31 IST" name="AfterMethod" finished-at="2023-03-27T03:53:32 IST" duration-ms="800" status="PASS">
          <params>
            <param index="0">
              <value>
                <![CDATA[[TestResult name=sampleMethodForEnteringCredentials status=SUCCESS method=TestCase1.sampleMethodForEnteringCredentials()[pri:0, instance:qa.test.TestCase1@2525ff7e] output={null}]]]>
              </value>
            </param>
          </params>
          <reporter-output>
          </reporter-output>
        </test-method> <!-- AfterMethod -->
        <test-method is-config="true" signature="afterTest()[pri:0, instance:qa.test.TestCase1@2525ff7e]" started-at="2023-03-27T03:53:32 IST" name="afterTest" finished-at="2023-03-27T03:53:33 IST" duration-ms="360" status="PASS">
          <reporter-output>
          </reporter-output>
        </test-method> <!-- afterTest -->
      </class> <!-- qa.test.TestCase1 -->
    </test> <!-- Test -->
  </suite> <!-- Suite -->
</testng-results>
